mode: atomic
github.com/moleculer-go/moleculer-web/gateway.go:21.60,22.33 1 73
github.com/moleculer-go/moleculer-web/gateway.go:47.2,47.14 1 13
github.com/moleculer-go/moleculer-web/gateway.go:22.33,23.36 1 73
github.com/moleculer-go/moleculer-web/gateway.go:26.3,27.61 2 29
github.com/moleculer-go/moleculer-web/gateway.go:33.3,34.59 2 21
github.com/moleculer-go/moleculer-web/gateway.go:40.3,41.17 2 16
github.com/moleculer-go/moleculer-web/gateway.go:23.36,25.4 1 44
github.com/moleculer-go/moleculer-web/gateway.go:27.61,29.102 2 16
github.com/moleculer-go/moleculer-web/gateway.go:29.102,31.5 1 8
github.com/moleculer-go/moleculer-web/gateway.go:34.59,36.94 2 10
github.com/moleculer-go/moleculer-web/gateway.go:36.94,38.5 1 5
github.com/moleculer-go/moleculer-web/gateway.go:41.17,42.37 1 11
github.com/moleculer-go/moleculer-web/gateway.go:42.37,44.5 1 3
github.com/moleculer-go/moleculer-web/gateway.go:59.50,60.25 1 17
github.com/moleculer-go/moleculer-web/gateway.go:72.2,72.11 1 15
github.com/moleculer-go/moleculer-web/gateway.go:60.25,63.22 3 2
github.com/moleculer-go/moleculer-web/gateway.go:70.3,70.15 1 2
github.com/moleculer-go/moleculer-web/gateway.go:63.22,65.4 1 1
github.com/moleculer-go/moleculer-web/gateway.go:65.9,65.29 1 1
github.com/moleculer-go/moleculer-web/gateway.go:65.29,67.4 1 1
github.com/moleculer-go/moleculer-web/gateway.go:67.9,68.65 1 0
github.com/moleculer-go/moleculer-web/gateway.go:76.48,80.21 4 17
github.com/moleculer-go/moleculer-web/gateway.go:85.2,85.49 1 17
github.com/moleculer-go/moleculer-web/gateway.go:80.21,82.3 1 2
github.com/moleculer-go/moleculer-web/gateway.go:82.8,84.3 1 15
github.com/moleculer-go/moleculer-web/gateway.go:90.38,91.36 1 4
github.com/moleculer-go/moleculer-web/gateway.go:96.2,96.14 1 0
github.com/moleculer-go/moleculer-web/gateway.go:91.36,92.21 1 10
github.com/moleculer-go/moleculer-web/gateway.go:92.21,94.4 1 4
github.com/moleculer-go/moleculer-web/gateway.go:100.65,101.41 1 5
github.com/moleculer-go/moleculer-web/gateway.go:104.2,104.25 1 5
github.com/moleculer-go/moleculer-web/gateway.go:116.2,122.37 2 1
github.com/moleculer-go/moleculer-web/gateway.go:101.41,103.3 1 0
github.com/moleculer-go/moleculer-web/gateway.go:104.25,106.22 2 5
github.com/moleculer-go/moleculer-web/gateway.go:106.22,108.27 2 4
github.com/moleculer-go/moleculer-web/gateway.go:108.27,113.5 2 4
github.com/moleculer-go/moleculer-web/gateway.go:126.84,128.34 2 0
github.com/moleculer-go/moleculer-web/gateway.go:131.2,134.30 4 0
github.com/moleculer-go/moleculer-web/gateway.go:128.34,130.3 1 0
github.com/moleculer-go/moleculer-web/gateway.go:143.83,146.16 3 0
github.com/moleculer-go/moleculer-web/gateway.go:152.2,153.16 2 0
github.com/moleculer-go/moleculer-web/gateway.go:156.2,157.22 2 0
github.com/moleculer-go/moleculer-web/gateway.go:146.16,151.3 4 0
github.com/moleculer-go/moleculer-web/gateway.go:153.16,154.60 1 0
github.com/moleculer-go/moleculer-web/gateway.go:157.22,159.3 1 0
github.com/moleculer-go/moleculer-web/gateway.go:159.8,161.3 1 0
github.com/moleculer-go/moleculer-web/gateway.go:165.84,168.16 3 2
github.com/moleculer-go/moleculer-web/gateway.go:172.2,172.40 1 2
github.com/moleculer-go/moleculer-web/gateway.go:179.2,179.31 1 2
github.com/moleculer-go/moleculer-web/gateway.go:168.16,171.3 2 0
github.com/moleculer-go/moleculer-web/gateway.go:172.40,173.22 1 6
github.com/moleculer-go/moleculer-web/gateway.go:173.22,175.4 1 5
github.com/moleculer-go/moleculer-web/gateway.go:175.9,177.4 1 1
github.com/moleculer-go/moleculer-web/gateway.go:182.94,185.24 3 0
github.com/moleculer-go/moleculer-web/gateway.go:186.22,187.21 1 0
github.com/moleculer-go/moleculer-web/gateway.go:190.23,191.22 1 0
github.com/moleculer-go/moleculer-web/gateway.go:194.22,195.21 1 0
github.com/moleculer-go/moleculer-web/gateway.go:198.25,199.24 1 0
github.com/moleculer-go/moleculer-web/gateway.go:202.10,203.44 1 0
github.com/moleculer-go/moleculer-web/gateway.go:187.21,189.4 1 0
github.com/moleculer-go/moleculer-web/gateway.go:191.22,193.4 1 0
github.com/moleculer-go/moleculer-web/gateway.go:195.21,197.4 1 0
github.com/moleculer-go/moleculer-web/gateway.go:199.24,201.4 1 0
github.com/moleculer-go/moleculer-web/gateway.go:207.62,209.29 2 12
github.com/moleculer-go/moleculer-web/gateway.go:212.2,212.12 1 12
github.com/moleculer-go/moleculer-web/gateway.go:209.29,211.3 1 4
github.com/moleculer-go/moleculer-web/gateway.go:216.92,219.13 3 11
github.com/moleculer-go/moleculer-web/gateway.go:222.2,223.13 2 11
github.com/moleculer-go/moleculer-web/gateway.go:226.2,229.33 3 11
github.com/moleculer-go/moleculer-web/gateway.go:236.2,236.15 1 11
github.com/moleculer-go/moleculer-web/gateway.go:219.13,221.3 1 10
github.com/moleculer-go/moleculer-web/gateway.go:223.13,225.3 1 10
github.com/moleculer-go/moleculer-web/gateway.go:229.33,231.45 2 31
github.com/moleculer-go/moleculer-web/gateway.go:234.3,234.100 1 30
github.com/moleculer-go/moleculer-web/gateway.go:231.45,232.12 1 1
github.com/moleculer-go/moleculer-web/gateway.go:240.72,245.24 2 0
github.com/moleculer-go/moleculer-web/gateway.go:249.2,249.28 1 0
github.com/moleculer-go/moleculer-web/gateway.go:245.24,248.3 2 0
github.com/moleculer-go/moleculer-web/gateway.go:254.105,257.31 3 5
github.com/moleculer-go/moleculer-web/gateway.go:277.2,277.15 1 5
github.com/moleculer-go/moleculer-web/gateway.go:257.31,261.13 4 8
github.com/moleculer-go/moleculer-web/gateway.go:264.3,264.36 1 8
github.com/moleculer-go/moleculer-web/gateway.go:273.3,273.75 1 8
github.com/moleculer-go/moleculer-web/gateway.go:261.13,263.4 1 4
github.com/moleculer-go/moleculer-web/gateway.go:264.36,266.35 2 16
github.com/moleculer-go/moleculer-web/gateway.go:266.35,268.49 2 32
github.com/moleculer-go/moleculer-web/gateway.go:268.49,270.6 1 23
github.com/moleculer-go/moleculer-web/gateway.go:273.75,275.4 1 23
github.com/moleculer-go/moleculer-web/gateway.go:281.24,283.2 0 0
github.com/moleculer-go/moleculer-web/gateway.go:349.96,351.77 2 0
github.com/moleculer-go/moleculer-web/gateway.go:354.2,354.17 1 0
github.com/moleculer-go/moleculer-web/gateway.go:351.77,353.3 1 0
github.com/moleculer-go/moleculer-web/gateway.go:358.34,366.59 3 0
github.com/moleculer-go/moleculer-web/gateway.go:366.59,373.18 7 0
github.com/moleculer-go/moleculer-web/gateway.go:373.18,375.5 1 0
github.com/moleculer-go/moleculer-web/gateway.go:375.10,377.5 1 0
github.com/moleculer-go/moleculer-web/gateway.go:379.73,382.4 2 0
github.com/moleculer-go/moleculer-web/gateway.go:383.73,386.18 3 0
github.com/moleculer-go/moleculer-web/gateway.go:386.18,388.5 1 0
github.com/moleculer-go/moleculer-web/gateway.go:393.72,395.6 1 0
github.com/moleculer-go/moleculer-web/gateway.go:399.72,401.6 1 0
