mode: atomic
github.com/moleculer-go/moleculer-web/gateway.go:21.60,22.33 1 184
github.com/moleculer-go/moleculer-web/gateway.go:47.2,47.14 1 26
github.com/moleculer-go/moleculer-web/gateway.go:22.33,23.36 1 184
github.com/moleculer-go/moleculer-web/gateway.go:26.3,27.61 2 58
github.com/moleculer-go/moleculer-web/gateway.go:33.3,34.59 2 42
github.com/moleculer-go/moleculer-web/gateway.go:40.3,41.17 2 32
github.com/moleculer-go/moleculer-web/gateway.go:23.36,25.4 1 126
github.com/moleculer-go/moleculer-web/gateway.go:27.61,29.102 2 32
github.com/moleculer-go/moleculer-web/gateway.go:29.102,31.5 1 16
github.com/moleculer-go/moleculer-web/gateway.go:34.59,36.94 2 20
github.com/moleculer-go/moleculer-web/gateway.go:36.94,38.5 1 10
github.com/moleculer-go/moleculer-web/gateway.go:41.17,42.37 1 22
github.com/moleculer-go/moleculer-web/gateway.go:42.37,44.5 1 6
github.com/moleculer-go/moleculer-web/gateway.go:59.50,60.25 1 72
github.com/moleculer-go/moleculer-web/gateway.go:72.2,72.11 1 68
github.com/moleculer-go/moleculer-web/gateway.go:60.25,63.22 3 4
github.com/moleculer-go/moleculer-web/gateway.go:70.3,70.15 1 4
github.com/moleculer-go/moleculer-web/gateway.go:63.22,65.4 1 2
github.com/moleculer-go/moleculer-web/gateway.go:65.9,65.29 1 2
github.com/moleculer-go/moleculer-web/gateway.go:65.29,67.4 1 2
github.com/moleculer-go/moleculer-web/gateway.go:67.9,68.65 1 0
github.com/moleculer-go/moleculer-web/gateway.go:76.48,80.21 4 72
github.com/moleculer-go/moleculer-web/gateway.go:85.2,85.49 1 72
github.com/moleculer-go/moleculer-web/gateway.go:80.21,82.3 1 4
github.com/moleculer-go/moleculer-web/gateway.go:82.8,84.3 1 68
github.com/moleculer-go/moleculer-web/gateway.go:90.38,91.36 1 8
github.com/moleculer-go/moleculer-web/gateway.go:96.2,96.14 1 0
github.com/moleculer-go/moleculer-web/gateway.go:91.36,92.21 1 20
github.com/moleculer-go/moleculer-web/gateway.go:92.21,94.4 1 8
github.com/moleculer-go/moleculer-web/gateway.go:100.65,101.41 1 12
github.com/moleculer-go/moleculer-web/gateway.go:104.2,104.25 1 12
github.com/moleculer-go/moleculer-web/gateway.go:116.2,122.37 2 4
github.com/moleculer-go/moleculer-web/gateway.go:101.41,103.3 1 0
github.com/moleculer-go/moleculer-web/gateway.go:104.25,106.22 2 10
github.com/moleculer-go/moleculer-web/gateway.go:106.22,108.27 2 8
github.com/moleculer-go/moleculer-web/gateway.go:108.27,113.5 2 8
github.com/moleculer-go/moleculer-web/gateway.go:126.84,128.34 2 0
github.com/moleculer-go/moleculer-web/gateway.go:131.2,134.30 4 0
github.com/moleculer-go/moleculer-web/gateway.go:128.34,130.3 1 0
github.com/moleculer-go/moleculer-web/gateway.go:142.83,147.69 4 6
github.com/moleculer-go/moleculer-web/gateway.go:165.2,165.21 1 6
github.com/moleculer-go/moleculer-web/gateway.go:174.2,175.16 2 6
github.com/moleculer-go/moleculer-web/gateway.go:178.2,178.22 1 6
github.com/moleculer-go/moleculer-web/gateway.go:147.69,149.36 2 12
github.com/moleculer-go/moleculer-web/gateway.go:162.3,162.14 1 12
github.com/moleculer-go/moleculer-web/gateway.go:149.36,151.18 2 2
github.com/moleculer-go/moleculer-web/gateway.go:151.18,153.5 1 0
github.com/moleculer-go/moleculer-web/gateway.go:154.9,154.24 1 10
github.com/moleculer-go/moleculer-web/gateway.go:154.24,156.4 1 2
github.com/moleculer-go/moleculer-web/gateway.go:156.9,158.18 2 8
github.com/moleculer-go/moleculer-web/gateway.go:158.18,160.5 1 0
github.com/moleculer-go/moleculer-web/gateway.go:165.21,167.31 2 0
github.com/moleculer-go/moleculer-web/gateway.go:170.3,172.9 3 0
github.com/moleculer-go/moleculer-web/gateway.go:167.31,169.4 1 0
github.com/moleculer-go/moleculer-web/gateway.go:175.16,176.60 1 0
github.com/moleculer-go/moleculer-web/gateway.go:178.22,180.3 1 2
github.com/moleculer-go/moleculer-web/gateway.go:180.8,182.3 1 4
github.com/moleculer-go/moleculer-web/gateway.go:186.84,189.16 3 6
github.com/moleculer-go/moleculer-web/gateway.go:193.2,193.40 1 6
github.com/moleculer-go/moleculer-web/gateway.go:200.2,200.31 1 6
github.com/moleculer-go/moleculer-web/gateway.go:189.16,192.3 2 0
github.com/moleculer-go/moleculer-web/gateway.go:193.40,194.22 1 14
github.com/moleculer-go/moleculer-web/gateway.go:194.22,196.4 1 12
github.com/moleculer-go/moleculer-web/gateway.go:196.9,198.4 1 2
github.com/moleculer-go/moleculer-web/gateway.go:203.94,206.24 3 2
github.com/moleculer-go/moleculer-web/gateway.go:207.22,208.21 1 2
github.com/moleculer-go/moleculer-web/gateway.go:211.23,212.22 1 0
github.com/moleculer-go/moleculer-web/gateway.go:215.22,216.21 1 0
github.com/moleculer-go/moleculer-web/gateway.go:219.25,220.24 1 0
github.com/moleculer-go/moleculer-web/gateway.go:223.10,224.44 1 0
github.com/moleculer-go/moleculer-web/gateway.go:208.21,210.4 1 2
github.com/moleculer-go/moleculer-web/gateway.go:212.22,214.4 1 0
github.com/moleculer-go/moleculer-web/gateway.go:216.21,218.4 1 0
github.com/moleculer-go/moleculer-web/gateway.go:220.24,222.4 1 0
github.com/moleculer-go/moleculer-web/gateway.go:228.62,230.29 2 32
github.com/moleculer-go/moleculer-web/gateway.go:233.2,233.12 1 32
github.com/moleculer-go/moleculer-web/gateway.go:230.29,232.3 1 8
github.com/moleculer-go/moleculer-web/gateway.go:237.92,240.13 3 30
github.com/moleculer-go/moleculer-web/gateway.go:243.2,244.13 2 30
github.com/moleculer-go/moleculer-web/gateway.go:247.2,250.33 3 30
github.com/moleculer-go/moleculer-web/gateway.go:257.2,257.15 1 30
github.com/moleculer-go/moleculer-web/gateway.go:240.13,242.3 1 20
github.com/moleculer-go/moleculer-web/gateway.go:244.13,246.3 1 28
github.com/moleculer-go/moleculer-web/gateway.go:250.33,252.45 2 100
github.com/moleculer-go/moleculer-web/gateway.go:255.3,255.100 1 98
github.com/moleculer-go/moleculer-web/gateway.go:252.45,253.12 1 2
github.com/moleculer-go/moleculer-web/gateway.go:261.72,266.24 2 8
github.com/moleculer-go/moleculer-web/gateway.go:270.2,270.28 1 8
github.com/moleculer-go/moleculer-web/gateway.go:266.24,269.3 2 0
github.com/moleculer-go/moleculer-web/gateway.go:275.105,278.31 3 18
github.com/moleculer-go/moleculer-web/gateway.go:298.2,298.15 1 18
github.com/moleculer-go/moleculer-web/gateway.go:278.31,282.13 4 24
github.com/moleculer-go/moleculer-web/gateway.go:285.3,285.36 1 24
github.com/moleculer-go/moleculer-web/gateway.go:294.3,294.75 1 24
github.com/moleculer-go/moleculer-web/gateway.go:282.13,284.4 1 16
github.com/moleculer-go/moleculer-web/gateway.go:285.36,287.35 2 54
github.com/moleculer-go/moleculer-web/gateway.go:287.35,289.49 2 102
github.com/moleculer-go/moleculer-web/gateway.go:289.49,291.6 1 84
github.com/moleculer-go/moleculer-web/gateway.go:294.75,296.4 1 84
github.com/moleculer-go/moleculer-web/gateway.go:302.24,304.2 0 0
github.com/moleculer-go/moleculer-web/gateway.go:370.96,372.77 2 8
github.com/moleculer-go/moleculer-web/gateway.go:376.2,376.17 1 8
github.com/moleculer-go/moleculer-web/gateway.go:372.77,375.3 2 38
github.com/moleculer-go/moleculer-web/gateway.go:380.34,388.59 3 2
github.com/moleculer-go/moleculer-web/gateway.go:388.59,395.58 7 2
github.com/moleculer-go/moleculer-web/gateway.go:398.4,398.54 1 2
github.com/moleculer-go/moleculer-web/gateway.go:395.58,397.5 1 0
github.com/moleculer-go/moleculer-web/gateway.go:400.73,403.4 2 3
github.com/moleculer-go/moleculer-web/gateway.go:404.73,407.18 3 3
github.com/moleculer-go/moleculer-web/gateway.go:407.18,409.5 1 0
github.com/moleculer-go/moleculer-web/gateway.go:414.72,416.6 1 3
github.com/moleculer-go/moleculer-web/gateway.go:420.72,422.6 1 2
